2019-02-11 21:04:52
_PTHREADS is not defined ! -- /run/media/h3m/data/学习/项目/WebServer/Main.cpp:48
2019-02-11 21:05:39
_PTHREADS is not defined ! -- /run/media/h3m/data/学习/项目/WebServer/Main.cpp:48
2019-02-11 21:05:42
New connection from 127.0.0.1:42608 -- /run/media/h3m/data/学习/项目/WebServer/Server.cpp:50
2019-02-11 21:05:42
Request:   -- /run/media/h3m/data/学习/项目/WebServer/HttpData.cpp:178
2019-02-11 21:05:42
FD = 29, ****** -- /run/media/h3m/data/学习/项目/WebServer/HttpData.cpp:220
2019-02-11 21:05:44
New connection from 127.0.0.1:42610 -- /run/media/h3m/data/学习/项目/WebServer/Server.cpp:50
2019-02-11 21:05:44
Request: GET  HTTP/1.1 -- /run/media/h3m/data/学习/项目/WebServer/HttpData.cpp:178
2019-02-11 21:05:44
FD = 29,GET  HTTP/1.1****** -- /run/media/h3m/data/学习/项目/WebServer/HttpData.cpp:220
2019-02-11 21:05:46
New connection from 127.0.0.1:42612 -- /run/media/h3m/data/学习/项目/WebServer/Server.cpp:50
2019-02-11 21:05:46
Request: GET / HTTP/1.1
Host: 192.168.52.135:8888
Content-Type: application/x-www-form-urlencoded
Connection: Keep-Alive

 -- /run/media/h3m/data/学习/项目/WebServer/HttpData.cpp:178
