2019-03-13 17:00:10
_PTHREADS is not defined ! -- /home/h3m/下载/WebServer-master/WebServer/Main.cpp:48
2019-03-13 17:00:16
New connection from 127.0.0.1:60758 -- /home/h3m/下载/WebServer-master/WebServer/Server.cpp:50
2019-03-13 17:00:16
New connection from 127.0.0.1:60760 -- /home/h3m/下载/WebServer-master/WebServer/Server.cpp:50
2019-03-13 17:00:16
Request: GET / HTTP/1.1
Host: 127.0.0.1
Connection: keep-alive
Cache-Control: max-age=0
Upgrade-Insecure-Requests: 1
User-Agent: Mozilla/5.0 (X11; Linux x86_64) AppleWebKit/537.36 (KHTML, like Gecko) Chrome/72.0.3626.121 Safari/537.36
Accept: text/html,application/xhtml+xml,application/xml;q=0.9,image/webp,image/apng,*/*;q=0.8
Accept-Encoding: gzip, deflate, br
Accept-Language: zh-CN,zh;q=0.9

 -- /home/h3m/下载/WebServer-master/WebServer/HttpData.cpp:176
2019-03-13 17:00:16
Request: GET /favicon.ico HTTP/1.1
Host: 127.0.0.1
Connection: keep-alive
Pragma: no-cache
Cache-Control: no-cache
User-Agent: Mozilla/5.0 (X11; Linux x86_64) AppleWebKit/537.36 (KHTML, like Gecko) Chrome/72.0.3626.121 Safari/537.36
Accept: image/webp,image/apng,image/*,*/*;q=0.8
Referer: http://127.0.0.1/
Accept-Encoding: gzip, deflate, br
Accept-Language: zh-CN,zh;q=0.9

 -- /home/h3m/下载/WebServer-master/WebServer/HttpData.cpp:176
2019-03-13 17:00:16
New connection from 127.0.0.1:60762 -- /home/h3m/下载/WebServer-master/WebServer/Server.cpp:50
2019-03-13 17:00:16
Request: GET / HTTP/1.1
Host: 127.0.0.1
Connection: keep-alive
Cache-Control: max-age=0
Upgrade-Insecure-Requests: 1
User-Agent: Mozilla/5.0 (X11; Linux x86_64) AppleWebKit/537.36 (KHTML, like Gecko) Chrome/72.0.3626.121 Safari/537.36
Accept: text/html,application/xhtml+xml,application/xml;q=0.9,image/webp,image/apng,*/*;q=0.8
Accept-Encoding: gzip, deflate, br
Accept-Language: zh-CN,zh;q=0.9

 -- /home/h3m/下载/WebServer-master/WebServer/HttpData.cpp:176
2019-03-13 17:00:16
Request: GET /favicon.ico HTTP/1.1
Host: 127.0.0.1
Connection: keep-alive
Pragma: no-cache
Cache-Control: no-cache
User-Agent: Mozilla/5.0 (X11; Linux x86_64) AppleWebKit/537.36 (KHTML, like Gecko) Chrome/72.0.3626.121 Safari/537.36
Accept: image/webp,image/apng,image/*,*/*;q=0.8
Referer: http://127.0.0.1/
Accept-Encoding: gzip, deflate, br
Accept-Language: zh-CN,zh;q=0.9

 -- /home/h3m/下载/WebServer-master/WebServer/HttpData.cpp:176
2019-03-13 17:00:17
New connection from 127.0.0.1:60764 -- /home/h3m/下载/WebServer-master/WebServer/Server.cpp:50
2019-03-13 17:00:17
Request: GET / HTTP/1.1
Host: 127.0.0.1
Connection: keep-alive
Cache-Control: max-age=0
Upgrade-Insecure-Requests: 1
User-Agent: Mozilla/5.0 (X11; Linux x86_64) AppleWebKit/537.36 (KHTML, like Gecko) Chrome/72.0.3626.121 Safari/537.36
Accept: text/html,application/xhtml+xml,application/xml;q=0.9,image/webp,image/apng,*/*;q=0.8
Accept-Encoding: gzip, deflate, br
Accept-Language: zh-CN,zh;q=0.9

 -- /home/h3m/下载/WebServer-master/WebServer/HttpData.cpp:176
2019-03-13 17:00:17
Request: GET /favicon.ico HTTP/1.1
Host: 127.0.0.1
Connection: keep-alive
Pragma: no-cache
Cache-Control: no-cache
User-Agent: Mozilla/5.0 (X11; Linux x86_64) AppleWebKit/537.36 (KHTML, like Gecko) Chrome/72.0.3626.121 Safari/537.36
Accept: image/webp,image/apng,image/*,*/*;q=0.8
Referer: http://127.0.0.1/
Accept-Encoding: gzip, deflate, br
Accept-Language: zh-CN,zh;q=0.9

 -- /home/h3m/下载/WebServer-master/WebServer/HttpData.cpp:176
2019-03-13 17:01:34
_PTHREADS is not defined ! -- /home/h3m/下载/WebServer-master/WebServer/Main.cpp:48
2019-03-13 17:01:42
New connection from 127.0.0.1:60848 -- /home/h3m/下载/WebServer-master/WebServer/Server.cpp:50
2019-03-13 17:01:42
New connection from 127.0.0.1:60850 -- /home/h3m/下载/WebServer-master/WebServer/Server.cpp:50
2019-03-13 17:01:42
Request: GET / HTTP/1.1
Host: 127.0.0.1
Connection: keep-alive
Upgrade-Insecure-Requests: 1
User-Agent: Mozilla/5.0 (X11; Linux x86_64) AppleWebKit/537.36 (KHTML, like Gecko) Chrome/72.0.3626.121 Safari/537.36
Accept: text/html,application/xhtml+xml,application/xml;q=0.9,image/webp,image/apng,*/*;q=0.8
Accept-Encoding: gzip, deflate, br
Accept-Language: zh-CN,zh;q=0.9

 -- /home/h3m/下载/WebServer-master/WebServer/HttpData.cpp:176
2019-03-13 17:01:52
Request:  -- /home/h3m/下载/WebServer-master/WebServer/HttpData.cpp:176
2019-03-13 17:01:52
Request:  -- /home/h3m/下载/WebServer-master/WebServer/HttpData.cpp:176
2019-03-13 17:03:02
_PTHREADS is not defined ! -- /home/h3m/下载/WebServer-master/WebServer/Main.cpp:48
2019-03-13 17:03:09
New connection from 127.0.0.1:60934 -- /home/h3m/下载/WebServer-master/WebServer/Server.cpp:50
2019-03-13 17:03:09
New connection from 127.0.0.1:60936 -- /home/h3m/下载/WebServer-master/WebServer/Server.cpp:50
2019-03-13 17:03:09
Request: GET / HTTP/1.1
Host: 127.0.0.1
Connection: keep-alive
Upgrade-Insecure-Requests: 1
User-Agent: Mozilla/5.0 (X11; Linux x86_64) AppleWebKit/537.36 (KHTML, like Gecko) Chrome/72.0.3626.121 Safari/537.36
Accept: text/html,application/xhtml+xml,application/xml;q=0.9,image/webp,image/apng,*/*;q=0.8
Accept-Encoding: gzip, deflate, br
Accept-Language: zh-CN,zh;q=0.9

 -- /home/h3m/下载/WebServer-master/WebServer/HttpData.cpp:176
2019-03-13 17:03:54
New connection from 10.128.208.146:65401 -- /home/h3m/下载/WebServer-master/WebServer/Server.cpp:50
2019-03-13 17:03:54
Request: GET / HTTP/1.1
Host: 10.128.214.143
Upgrade-Insecure-Requests: 1
Accept: text/html,application/xhtml+xml,application/xml;q=0.9,*/*;q=0.8
User-Agent: Mozilla/5.0 (Macintosh; Intel Mac OS X 10_14_3) AppleWebKit/605.1.15 (KHTML, like Gecko) Version/12.0.3 Safari/605.1.15
Accept-Language: zh-cn
Accept-Encoding: gzip, deflate
Connection: keep-alive

 -- /home/h3m/下载/WebServer-master/WebServer/HttpData.cpp:176
2019-03-13 17:03:55
Request:  -- /home/h3m/下载/WebServer-master/WebServer/HttpData.cpp:176
2019-03-13 17:04:25
Request:  -- /home/h3m/下载/WebServer-master/WebServer/HttpData.cpp:176
2019-03-13 17:04:32
_PTHREADS is not defined ! -- /home/h3m/下载/WebServer-master/WebServer/Main.cpp:48
2019-03-13 17:04:35
New connection from 127.0.0.1:60968 -- /home/h3m/下载/WebServer-master/WebServer/Server.cpp:50
2019-03-13 17:04:35
New connection from 127.0.0.1:60970 -- /home/h3m/下载/WebServer-master/WebServer/Server.cpp:50
2019-03-13 17:04:35
Request: GET / HTTP/1.1
Host: 127.0.0.1
Connection: keep-alive
Cache-Control: max-age=0
Upgrade-Insecure-Requests: 1
User-Agent: Mozilla/5.0 (X11; Linux x86_64) AppleWebKit/537.36 (KHTML, like Gecko) Chrome/72.0.3626.121 Safari/537.36
Accept: text/html,application/xhtml+xml,application/xml;q=0.9,image/webp,image/apng,*/*;q=0.8
Accept-Encoding: gzip, deflate, br
Accept-Language: zh-CN,zh;q=0.9

 -- /home/h3m/下载/WebServer-master/WebServer/HttpData.cpp:176
2019-03-13 17:04:35
Request: GET /favicon.ico HTTP/1.1
Host: 127.0.0.1
Connection: keep-alive
Pragma: no-cache
Cache-Control: no-cache
User-Agent: Mozilla/5.0 (X11; Linux x86_64) AppleWebKit/537.36 (KHTML, like Gecko) Chrome/72.0.3626.121 Safari/537.36
Accept: image/webp,image/apng,image/*,*/*;q=0.8
Referer: http://127.0.0.1/
Accept-Encoding: gzip, deflate, br
Accept-Language: zh-CN,zh;q=0.9

 -- /home/h3m/下载/WebServer-master/WebServer/HttpData.cpp:176
2019-03-13 17:04:39
New connection from 10.128.208.146:65402 -- /home/h3m/下载/WebServer-master/WebServer/Server.cpp:50
2019-03-13 17:04:39
Request: GET / HTTP/1.1
Host: 10.128.214.143
Upgrade-Insecure-Requests: 1
Accept: text/html,application/xhtml+xml,application/xml;q=0.9,*/*;q=0.8
User-Agent: Mozilla/5.0 (Macintosh; Intel Mac OS X 10_14_3) AppleWebKit/605.1.15 (KHTML, like Gecko) Version/12.0.3 Safari/605.1.15
Accept-Language: zh-cn
Accept-Encoding: gzip, deflate
Connection: keep-alive

 -- /home/h3m/下载/WebServer-master/WebServer/HttpData.cpp:176
2019-03-13 17:04:59
Request:  -- /home/h3m/下载/WebServer-master/WebServer/HttpData.cpp:176
2019-03-13 17:05:10
Request:  -- /home/h3m/下载/WebServer-master/WebServer/HttpData.cpp:176
2019-03-13 17:07:29
_PTHREADS is not defined ! -- /home/h3m/下载/WebServer-master/WebServer/Main.cpp:48
2019-03-13 17:07:33
New connection from 127.0.0.1:32822 -- /home/h3m/下载/WebServer-master/WebServer/Server.cpp:50
2019-03-13 17:07:33
New connection from 127.0.0.1:32824 -- /home/h3m/下载/WebServer-master/WebServer/Server.cpp:50
2019-03-13 17:07:33
Request: GET / HTTP/1.1
Host: 127.0.0.1
Connection: keep-alive
Cache-Control: max-age=0
Upgrade-Insecure-Requests: 1
User-Agent: Mozilla/5.0 (X11; Linux x86_64) AppleWebKit/537.36 (KHTML, like Gecko) Chrome/72.0.3626.121 Safari/537.36
Accept: text/html,application/xhtml+xml,application/xml;q=0.9,image/webp,image/apng,*/*;q=0.8
Accept-Encoding: gzip, deflate, br
Accept-Language: zh-CN,zh;q=0.9

 -- /home/h3m/下载/WebServer-master/WebServer/HttpData.cpp:176
2019-03-13 17:07:33
Request: GET /favicon.ico HTTP/1.1
Host: 127.0.0.1
Connection: keep-alive
Pragma: no-cache
Cache-Control: no-cache
User-Agent: Mozilla/5.0 (X11; Linux x86_64) AppleWebKit/537.36 (KHTML, like Gecko) Chrome/72.0.3626.121 Safari/537.36
Accept: image/webp,image/apng,image/*,*/*;q=0.8
Referer: http://127.0.0.1/
Accept-Encoding: gzip, deflate, br
Accept-Language: zh-CN,zh;q=0.9

 -- /home/h3m/下载/WebServer-master/WebServer/HttpData.cpp:176
